Looking for git in: git
Using git 2.24.1 from git
> git rev-parse --show-toplevel
> git rev-parse --git-dir
Open repository: /home/me/work/Tarsier
> git status -z -u
> git symbolic-ref --short HEAD
> git rev-parse master
> git rev-parse --symbolic-full-name master@{u}
> git rev-list --left-right master...refs/remotes/origin/master
> git for-each-ref --format %(refname) %(objectname) --sort -committerdate
> git remote --verbose
Failed to watch ref '/home/me/work/Tarsier/.git/refs/remotes/origin/master', is most likely packed.
Error: ENOENT: no such file or directory, watch '/home/me/work/Tarsier/.git/refs/remotes/origin/master'
	at FSWatcher.start (internal/fs/watchers.js:165:26)
	at Object.watch (fs.js:1270:11)
	at Object.t.watch (/opt/visual-studio-code/resources/app/extensions/git/dist/main.js:1:596789)
	at E.updateTransientWatchers (/opt/visual-studio-code/resources/app/extensions/git/dist/main.js:1:82747)
	at l.fire (/opt/visual-studio-code/resources/app/out/vs/workbench/services/extensions/node/extensionHostProcess.js:48:865)
	at R.updateModelState (/opt/visual-studio-code/resources/app/extensions/git/dist/main.js:1:101605)
> git config --get commit.template
> git show :CNN/vdsr_an/PLOT.py
> git ls-files --stage -- /home/me/work/Tarsier/CNN/vdsr_an/PLOT.py
> git check-ignore -v -z --stdin
> git cat-file -s 86ea73ec72e3cb83d5de1a20ec266d39f091eb8d
